<?xml version="1.0" encoding="UTF-8"?>
<!-- Generated by org.testng.reporters.JUnitReportReporter -->
<testsuite skipped="0" hostname="BDC4-D-5SXXQG2" name="drivercalling.Ffileupload" tests="1" failures="0" timestamp="19 Sep 2018 04:58:19 GMT" time="13.175" errors="0">
  <testcase name="Filuplod" time="13.175" classname="drivercalling.Ffileupload"/>
</testsuite> <!-- drivercalling.Ffileupload -->
