<?xml version="1.0" encoding="UTF-8"?>
<!-- Generated by org.testng.reporters.JUnitReportReporter -->
<testsuite skipped="0" hostname="BDC4-D-5SXXQG2" name="demoseleniumday10.Day1seleniumtest1" tests="2" failures="0" timestamp="18 Sep 2018 03:52:01 GMT" time="10.397" errors="0">
  <testcase name="testcase1" time="8.042" classname="demoseleniumday10.Day1seleniumtest1"/>
  <testcase name="testcase1" time="2.355" classname="demoseleniumday10.Day1seleniumtest1"/>
</testsuite> <!-- demoseleniumday10.Day1seleniumtest1 -->
