<?xml version="1.0" encoding="UTF-8"?>
<!-- Generated by org.testng.reporters.JUnitReportReporter -->
<testsuite skipped="0" hostname="BDC4-D-5SXXQG2" name="drivercalling.clcoptions" tests="1" failures="0" timestamp="19 Sep 2018 04:13:03 GMT" time="19.317" errors="0">
  <testcase name="swiching12" time="19.317" classname="drivercalling.clcoptions"/>
</testsuite> <!-- drivercalling.clcoptions -->
