<?xml version="1.0" encoding="UTF-8"?>
<!-- Generated by org.testng.reporters.JUnitReportReporter -->
<testsuite skipped="0" hostname="BDC4-D-5SXXQG2" name="drivercalling.CallBrow" tests="1" failures="0" timestamp="18 Sep 2018 10:16:17 GMT" time="27.497" errors="0">
  <testcase name="swiching11" time="27.497" classname="drivercalling.CallBrow"/>
</testsuite> <!-- drivercalling.CallBrow -->
